{"/home/tombenke/topics/scmt/bin/cli.test.js":{"path":"/home/tombenke/topics/scmt/bin/cli.test.js","s":{"1":1,"2":1,"3":1,"4":1,"5":1,"6":11,"7":11,"8":9,"9":9,"10":5,"11":5,"12":5,"13":4,"14":2,"15":2,"16":2,"17":1,"18":1,"19":1,"20":1,"21":1,"22":1,"23":1,"24":1,"25":1,"26":1,"27":1,"28":1,"29":1,"30":1,"31":1,"32":1,"33":1,"34":1,"35":1,"36":1,"37":1,"38":1,"39":1,"40":1,"41":1,"42":1,"43":1},"b":{"1":[9,2],"2":[9,0],"3":[5,4],"4":[5,0],"5":[2,0],"6":[1,1],"7":[1,0]},"f":{"1":11,"2":11,"3":1,"4":1,"5":1,"6":1,"7":1,"8":1,"9":1,"10":1,"11":1,"12":1,"13":1,"14":1},"fnMap":{"1":{"name":"(anonymous_1)","line":10,"loc":{"start":{"line":10,"column":24},"end":{"line":10,"column":75}}},"2":{"name":"(anonymous_2)","line":11,"loc":{"start":{"line":11,"column":30},"end":{"line":11,"column":62}}},"3":{"name":"(anonymous_3)","line":40,"loc":{"start":{"line":40,"column":22},"end":{"line":40,"column":33}}},"4":{"name":"(anonymous_4)","line":41,"loc":{"start":{"line":41,"column":33},"end":{"line":41,"column":48}}},"5":{"name":"(anonymous_5)","line":45,"loc":{"start":{"line":45,"column":37},"end":{"line":45,"column":52}}},"6":{"name":"(anonymous_6)","line":49,"loc":{"start":{"line":49,"column":35},"end":{"line":49,"column":50}}},"7":{"name":"(anonymous_7)","line":53,"loc":{"start":{"line":53,"column":35},"end":{"line":53,"column":50}}},"8":{"name":"(anonymous_8)","line":57,"loc":{"start":{"line":57,"column":34},"end":{"line":57,"column":49}}},"9":{"name":"(anonymous_9)","line":61,"loc":{"start":{"line":61,"column":33},"end":{"line":61,"column":48}}},"10":{"name":"(anonymous_10)","line":65,"loc":{"start":{"line":65,"column":31},"end":{"line":65,"column":46}}},"11":{"name":"(anonymous_11)","line":69,"loc":{"start":{"line":69,"column":29},"end":{"line":69,"column":44}}},"12":{"name":"(anonymous_12)","line":73,"loc":{"start":{"line":73,"column":29},"end":{"line":73,"column":44}}},"13":{"name":"(anonymous_13)","line":77,"loc":{"start":{"line":77,"column":36},"end":{"line":77,"column":51}}},"14":{"name":"(anonymous_14)","line":81,"loc":{"start":{"line":81,"column":47},"end":{"line":81,"column":62}}}},"statementMap":{"1":{"start":{"line":5,"column":0},"end":{"line":5,"column":27}},"2":{"start":{"line":6,"column":0},"end":{"line":6,"column":41}},"3":{"start":{"line":7,"column":0},"end":{"line":7,"column":37}},"4":{"start":{"line":8,"column":0},"end":{"line":8,"column":31}},"5":{"start":{"line":10,"column":0},"end":{"line":38,"column":2}},"6":{"start":{"line":11,"column":4},"end":{"line":37,"column":7}},"7":{"start":{"line":12,"column":8},"end":{"line":36,"column":9}},"8":{"start":{"line":13,"column":12},"end":{"line":23,"column":13}},"9":{"start":{"line":14,"column":15},"end":{"line":22,"column":16}},"10":{"start":{"line":15,"column":19},"end":{"line":15,"column":59}},"11":{"start":{"line":17,"column":19},"end":{"line":19,"column":20}},"12":{"start":{"line":18,"column":23},"end":{"line":18,"column":30}},"13":{"start":{"line":21,"column":18},"end":{"line":21,"column":25}},"14":{"start":{"line":25,"column":12},"end":{"line":35,"column":13}},"15":{"start":{"line":26,"column":16},"end":{"line":26,"column":41}},"16":{"start":{"line":27,"column":16},"end":{"line":34,"column":17}},"17":{"start":{"line":28,"column":20},"end":{"line":28,"column":60}},"18":{"start":{"line":29,"column":20},"end":{"line":31,"column":21}},"19":{"start":{"line":30,"column":24},"end":{"line":30,"column":31}},"20":{"start":{"line":33,"column":20},"end":{"line":33,"column":27}},"21":{"start":{"line":40,"column":0},"end":{"line":84,"column":3}},"22":{"start":{"line":41,"column":4},"end":{"line":43,"column":6}},"23":{"start":{"line":42,"column":7},"end":{"line":42,"column":62}},"24":{"start":{"line":45,"column":4},"end":{"line":47,"column":6}},"25":{"start":{"line":46,"column":7},"end":{"line":46,"column":81}},"26":{"start":{"line":49,"column":4},"end":{"line":51,"column":6}},"27":{"start":{"line":50,"column":8},"end":{"line":50,"column":78}},"28":{"start":{"line":53,"column":4},"end":{"line":55,"column":6}},"29":{"start":{"line":54,"column":8},"end":{"line":54,"column":78}},"30":{"start":{"line":57,"column":4},"end":{"line":59,"column":6}},"31":{"start":{"line":58,"column":8},"end":{"line":58,"column":76}},"32":{"start":{"line":61,"column":4},"end":{"line":63,"column":6}},"33":{"start":{"line":62,"column":8},"end":{"line":62,"column":75}},"34":{"start":{"line":65,"column":4},"end":{"line":67,"column":6}},"35":{"start":{"line":66,"column":8},"end":{"line":66,"column":94}},"36":{"start":{"line":69,"column":4},"end":{"line":71,"column":6}},"37":{"start":{"line":70,"column":8},"end":{"line":70,"column":92}},"38":{"start":{"line":73,"column":4},"end":{"line":75,"column":6}},"39":{"start":{"line":74,"column":8},"end":{"line":74,"column":92}},"40":{"start":{"line":77,"column":4},"end":{"line":79,"column":6}},"41":{"start":{"line":78,"column":8},"end":{"line":78,"column":138}},"42":{"start":{"line":81,"column":4},"end":{"line":83,"column":6}},"43":{"start":{"line":82,"column":8},"end":{"line":82,"column":134}}},"branchMap":{"1":{"line":12,"type":"if","locations":[{"start":{"line":12,"column":8},"end":{"line":12,"column":8}},{"start":{"line":12,"column":8},"end":{"line":12,"column":8}}]},"2":{"line":13,"type":"if","locations":[{"start":{"line":13,"column":12},"end":{"line":13,"column":12}},{"start":{"line":13,"column":12},"end":{"line":13,"column":12}}]},"3":{"line":14,"type":"if","locations":[{"start":{"line":14,"column":15},"end":{"line":14,"column":15}},{"start":{"line":14,"column":15},"end":{"line":14,"column":15}}]},"4":{"line":17,"type":"if","locations":[{"start":{"line":17,"column":19},"end":{"line":17,"column":19}},{"start":{"line":17,"column":19},"end":{"line":17,"column":19}}]},"5":{"line":25,"type":"if","locations":[{"start":{"line":25,"column":12},"end":{"line":25,"column":12}},{"start":{"line":25,"column":12},"end":{"line":25,"column":12}}]},"6":{"line":27,"type":"if","locations":[{"start":{"line":27,"column":16},"end":{"line":27,"column":16}},{"start":{"line":27,"column":16},"end":{"line":27,"column":16}}]},"7":{"line":29,"type":"if","locations":[{"start":{"line":29,"column":20},"end":{"line":29,"column":20}},{"start":{"line":29,"column":20},"end":{"line":29,"column":20}}]}}}}