TN:
SF:/home/tombenke/topics/scmt/bin/cli.test.js
FN:10,(anonymous_1)
FN:11,(anonymous_2)
FN:40,(anonymous_3)
FN:41,(anonymous_4)
FN:45,(anonymous_5)
FN:49,(anonymous_6)
FN:53,(anonymous_7)
FN:57,(anonymous_8)
FN:61,(anonymous_9)
FN:65,(anonymous_10)
FN:69,(anonymous_11)
FN:73,(anonymous_12)
FN:77,(anonymous_13)
FN:81,(anonymous_14)
FNF:14
FNH:14
FNDA:11,(anonymous_1)
FNDA:11,(anonymous_2)
FNDA:1,(anonymous_3)
FNDA:1,(anonymous_4)
FNDA:1,(anonymous_5)
FNDA:1,(anonymous_6)
FNDA:1,(anonymous_7)
FNDA:1,(anonymous_8)
FNDA:1,(anonymous_9)
FNDA:1,(anonymous_10)
FNDA:1,(anonymous_11)
FNDA:1,(anonymous_12)
FNDA:1,(anonymous_13)
FNDA:1,(anonymous_14)
DA:5,1
DA:6,1
DA:7,1
DA:8,1
DA:10,1
DA:11,11
DA:12,11
DA:13,9
DA:14,9
DA:15,5
DA:17,5
DA:18,5
DA:21,4
DA:25,2
DA:26,2
DA:27,2
DA:28,1
DA:29,1
DA:30,1
DA:33,1
DA:40,1
DA:41,1
DA:42,1
DA:45,1
DA:46,1
DA:49,1
DA:50,1
DA:53,1
DA:54,1
DA:57,1
DA:58,1
DA:61,1
DA:62,1
DA:65,1
DA:66,1
DA:69,1
DA:70,1
DA:73,1
DA:74,1
DA:77,1
DA:78,1
DA:81,1
DA:82,1
LF:43
LH:43
BRDA:12,1,0,9
BRDA:12,1,1,2
BRDA:13,2,0,9
BRDA:13,2,1,0
BRDA:14,3,0,5
BRDA:14,3,1,4
BRDA:17,4,0,5
BRDA:17,4,1,0
BRDA:25,5,0,2
BRDA:25,5,1,0
BRDA:27,6,0,1
BRDA:27,6,1,1
BRDA:29,7,0,1
BRDA:29,7,1,0
BRF:14
BRH:10
end_of_record
